<?xml version="1.0" encoding="UTF-8"?>
<testng-results skipped="0" failed="0" ignored="0" total="1" passed="1">
  <reporter-output>
  </reporter-output>
  <suite name="InetBanking" duration-ms="77898" started-at="2020-04-05T17:11:48Z" finished-at="2020-04-05T17:13:06Z">
    <groups>
    </groups>
    <test name="BankingApp Test" duration-ms="77898" started-at="2020-04-05T17:11:48Z" finished-at="2020-04-05T17:13:06Z">
      <class name="com.inetbanking.testCases.TC_LoginTest_001">
        <test-method status="PASS" signature="setup(java.lang.String)[pri:0, instance:com.inetbanking.testCases.TC_LoginTest_001@2acf57e3]" name="setup" is-config="true" duration-ms="18315" started-at="2020-04-05T17:11:48Z" finished-at="2020-04-05T17:12:07Z">
          <params>
            <param index="0">
              <value>
                <![CDATA[chrome]]>
              </value>
            </param>
          </params>
          <reporter-output>
          </reporter-output>
        </test-method> <!-- setup -->
        <test-method status="PASS" signature="loginTest()[pri:0, instance:com.inetbanking.testCases.TC_LoginTest_001@2acf57e3]" name="loginTest" duration-ms="58495" started-at="2020-04-05T17:12:07Z" finished-at="2020-04-05T17:13:05Z">
          <reporter-output>
          </reporter-output>
        </test-method> <!-- loginTest -->
        <test-method status="PASS" signature="tearDown()[pri:0, instance:com.inetbanking.testCases.TC_LoginTest_001@2acf57e3]" name="tearDown" is-config="true" duration-ms="670" started-at="2020-04-05T17:13:05Z" finished-at="2020-04-05T17:13:06Z">
          <reporter-output>
          </reporter-output>
        </test-method> <!-- tearDown -->
      </class> <!-- com.inetbanking.testCases.TC_LoginTest_001 -->
    </test> <!-- BankingApp Test -->
  </suite> <!-- InetBanking -->
</testng-results>
