<?xml version="1.0" encoding="UTF-8"?>
<testng-results skipped="0" failed="0" ignored="0" total="1" passed="1">
  <reporter-output>
  </reporter-output>
  <suite name="InetBanking" duration-ms="40495" started-at="2020-04-02T12:56:31Z" finished-at="2020-04-02T12:57:11Z">
    <groups>
    </groups>
    <test name="BankingApp Test" duration-ms="40495" started-at="2020-04-02T12:56:31Z" finished-at="2020-04-02T12:57:11Z">
      <class name="com.inetbanking.testCases.TC_LoginTest_001">
        <test-method status="PASS" signature="setup(java.lang.String)[pri:0, instance:com.inetbanking.testCases.TC_LoginTest_001@6eebc39e]" name="setup" is-config="true" duration-ms="15809" started-at="2020-04-02T12:56:31Z" finished-at="2020-04-02T12:56:47Z">
          <params>
            <param index="0">
              <value>
                <![CDATA[chrome]]>
              </value>
            </param>
          </params>
          <reporter-output>
          </reporter-output>
        </test-method> <!-- setup -->
        <test-method status="PASS" signature="loginTest()[pri:0, instance:com.inetbanking.testCases.TC_LoginTest_001@6eebc39e]" name="loginTest" duration-ms="23290" started-at="2020-04-02T12:56:47Z" finished-at="2020-04-02T12:57:10Z">
          <reporter-output>
          </reporter-output>
        </test-method> <!-- loginTest -->
        <test-method status="PASS" signature="tearDown()[pri:0, instance:com.inetbanking.testCases.TC_LoginTest_001@6eebc39e]" name="tearDown" is-config="true" duration-ms="879" started-at="2020-04-02T12:57:11Z" finished-at="2020-04-02T12:57:11Z">
          <reporter-output>
          </reporter-output>
        </test-method> <!-- tearDown -->
      </class> <!-- com.inetbanking.testCases.TC_LoginTest_001 -->
    </test> <!-- BankingApp Test -->
  </suite> <!-- InetBanking -->
</testng-results>
